mode: set
github.com/marcos-dev88/gmweather/application/application_mock.go:17.60,19.2 1 0
github.com/marcos-dev88/gmweather/application/application_mock.go:29.67,31.2 1 1
github.com/marcos-dev88/gmweather/application/application_mock.go:33.73,35.2 1 1
github.com/marcos-dev88/gmweather/application/application_mock.go:45.37,47.2 0 0
github.com/marcos-dev88/gmweather/application/application_mock.go:49.53,51.2 1 0
github.com/marcos-dev88/gmweather/application/application_mock.go:53.52,55.2 1 0
github.com/marcos-dev88/gmweather/application/application_mock.go:57.64,59.2 1 0
github.com/marcos-dev88/gmweather/application/application_mock.go:61.70,63.2 1 0
github.com/marcos-dev88/gmweather/application/application_mock.go:65.57,67.2 1 0
github.com/marcos-dev88/gmweather/application/application.go:17.40,19.2 1 0
github.com/marcos-dev88/gmweather/application/application.go:21.32,29.6 6 0
github.com/marcos-dev88/gmweather/application/application.go:29.6,30.10 1 0
github.com/marcos-dev88/gmweather/application/application.go:31.61,34.18 2 0
github.com/marcos-dev88/gmweather/application/application.go:38.4,38.26 1 0
github.com/marcos-dev88/gmweather/application/application.go:42.4,42.54 1 0
github.com/marcos-dev88/gmweather/application/application.go:44.33,51.18 5 0
github.com/marcos-dev88/gmweather/application/application.go:55.4,59.41 4 0
github.com/marcos-dev88/gmweather/application/application.go:61.33,62.34 1 0
github.com/marcos-dev88/gmweather/application/application.go:34.18,36.5 1 0
github.com/marcos-dev88/gmweather/application/application.go:38.26,40.5 1 0
github.com/marcos-dev88/gmweather/application/application.go:51.18,53.5 1 0
github.com/marcos-dev88/gmweather/application/application.go:68.49,71.17 2 1
github.com/marcos-dev88/gmweather/application/application.go:75.2,77.17 2 1
github.com/marcos-dev88/gmweather/application/application.go:81.2,81.59 1 1
github.com/marcos-dev88/gmweather/application/application.go:71.17,73.3 1 1
github.com/marcos-dev88/gmweather/application/application.go:77.17,79.3 1 1
github.com/marcos-dev88/gmweather/application/application.go:84.48,88.17 2 1
github.com/marcos-dev88/gmweather/application/application.go:92.2,94.17 2 1
github.com/marcos-dev88/gmweather/application/application.go:98.2,103.12 2 1
github.com/marcos-dev88/gmweather/application/application.go:88.17,90.3 1 1
github.com/marcos-dev88/gmweather/application/application.go:94.17,96.3 1 1
github.com/marcos-dev88/gmweather/application/application.go:106.60,108.2 1 1
github.com/marcos-dev88/gmweather/application/application.go:110.66,112.2 1 1
github.com/marcos-dev88/gmweather/application/application.go:114.53,116.2 1 0
github.com/marcos-dev88/gmweather/application/application.go:118.74,120.2 1 0
github.com/marcos-dev88/gmweather/application/application.go:122.47,124.2 1 0
