mode: set
github.com/marcos-dev88/gmweather/application/application.go:15.27,17.2 1 0
github.com/marcos-dev88/gmweather/application/application.go:19.32,26.6 5 0
github.com/marcos-dev88/gmweather/application/application.go:26.6,27.10 1 0
github.com/marcos-dev88/gmweather/application/application.go:28.39,31.18 2 0
github.com/marcos-dev88/gmweather/application/application.go:35.4,35.26 1 0
github.com/marcos-dev88/gmweather/application/application.go:39.4,39.54 1 0
github.com/marcos-dev88/gmweather/application/application.go:41.33,48.18 5 0
github.com/marcos-dev88/gmweather/application/application.go:52.4,56.41 3 0
github.com/marcos-dev88/gmweather/application/application.go:58.33,59.34 1 0
github.com/marcos-dev88/gmweather/application/application.go:31.18,33.5 1 0
github.com/marcos-dev88/gmweather/application/application.go:35.26,37.5 1 0
github.com/marcos-dev88/gmweather/application/application.go:48.18,50.5 1 0
github.com/marcos-dev88/gmweather/application/application.go:65.49,68.17 2 1
github.com/marcos-dev88/gmweather/application/application.go:72.2,74.17 2 1
github.com/marcos-dev88/gmweather/application/application.go:78.2,78.59 1 1
github.com/marcos-dev88/gmweather/application/application.go:68.17,70.3 1 1
github.com/marcos-dev88/gmweather/application/application.go:74.17,76.3 1 1
github.com/marcos-dev88/gmweather/application/application.go:81.48,85.17 2 1
github.com/marcos-dev88/gmweather/application/application.go:89.2,91.17 2 1
github.com/marcos-dev88/gmweather/application/application.go:95.2,100.12 2 1
github.com/marcos-dev88/gmweather/application/application.go:85.17,87.3 1 1
github.com/marcos-dev88/gmweather/application/application.go:91.17,93.3 1 1
github.com/marcos-dev88/gmweather/application/application.go:103.60,105.2 1 1
github.com/marcos-dev88/gmweather/application/application.go:107.66,109.2 1 1
github.com/marcos-dev88/gmweather/application/application.go:111.53,113.2 1 0
github.com/marcos-dev88/gmweather/application/application_mock.go:17.60,19.2 1 0
github.com/marcos-dev88/gmweather/application/application_mock.go:29.67,31.2 1 1
github.com/marcos-dev88/gmweather/application/application_mock.go:32.73,34.2 1 1
github.com/marcos-dev88/gmweather/application/application_mock.go:44.37,46.2 0 0
github.com/marcos-dev88/gmweather/application/application_mock.go:48.53,50.2 1 0
github.com/marcos-dev88/gmweather/application/application_mock.go:52.52,54.2 1 0
github.com/marcos-dev88/gmweather/application/application_mock.go:56.64,58.2 1 0
github.com/marcos-dev88/gmweather/application/application_mock.go:60.70,62.2 1 0
github.com/marcos-dev88/gmweather/application/application_mock.go:64.57,66.2 1 0
